# JRE version: Java(TM) SE Runtime Environment (8.0_60-b27) (build 1.8.0_60-b27)
# Java VM: Java HotSpot(TM) 64-Bit Server VM (25.60-b23 mixed mode linux-amd64 compressed oops)
Heap:
 PSYoungGen      total 272384K, used 0K [0x00000000eab00000, 0x0000000100000000, 0x0000000100000000)
  eden space 217088K, 0% used [0x00000000eab00000,0x00000000eab00000,0x00000000f7f00000)
  from space 55296K, 0% used [0x00000000fbb00000,0x00000000fbb00000,0x00000000ff100000)
  to   space 61440K, 0% used [0x00000000f7f00000,0x00000000f7f00000,0x00000000fbb00000)
 ParOldGen       total 129536K, used 103498K [0x00000000c0000000, 0x00000000c7e80000, 0x00000000eab00000)
  object space 129536K, 79% used [0x00000000c0000000,0x00000000c6512b38,0x00000000c7e80000)
 Metaspace       used 65228K, capacity 70496K, committed 70548K, reserved 1107968K
  class space    used 9326K, capacity 11158K, committed 11196K, reserved 1048576K
GC Heap History (10 events):
Event: 89,325 GC heap after
Heap after GC invocations=13 (full 3):
 PSYoungGen      total 197120K, used 22264K [0x00000000eab00000, 0x00000000f9780000, 0x0000000100000000)
  eden space 174592K, 0% used [0x00000000eab00000,0x00000000eab00000,0x00000000f5580000)
  from space 22528K, 98% used [0x00000000f8180000,0x00000000f973e218,0x00000000f9780000)
  to   space 27136K, 0% used [0x00000000f6280000,0x00000000f6280000,0x00000000f7d00000)
 ParOldGen       total 129536K, used 41182K [0x00000000c0000000, 0x00000000c7e80000, 0x00000000eab00000)
  object space 129536K, 31% used [0x00000000c0000000,0x00000000c2837838,0x00000000c7e80000)
 Metaspace       used 48347K, capacity 51630K, committed 51800K, reserved 1093632K
  class space    used 6844K, capacity 8033K, committed 8064K, reserved 1048576K
}
Event: 90,776 GC heap before
{Heap before GC invocations=14 (full 3):
 PSYoungGen      total 197120K, used 196856K [0x00000000eab00000, 0x00000000f9780000, 0x0000000100000000)
  eden space 174592K, 100% used [0x00000000eab00000,0x00000000f5580000,0x00000000f5580000)
  from space 22528K, 98% used [0x00000000f8180000,0x00000000f973e218,0x00000000f9780000)
  to   space 27136K, 0% used [0x00000000f6280000,0x00000000f6280000,0x00000000f7d00000)
 ParOldGen       total 129536K, used 41182K [0x00000000c0000000, 0x00000000c7e80000, 0x00000000eab00000)
  object space 129536K, 31% used [0x00000000c0000000,0x00000000c2837838,0x00000000c7e80000)
 Metaspace       used 54631K, capacity 58479K, committed 58584K, reserved 1099776K
  class space    used 7796K, capacity 9151K, committed 9216K, reserved 1048576K
Event: 90,828 GC heap after
Heap after GC invocations=14 (full 3):
 PSYoungGen      total 215040K, used 27130K [0x00000000eab00000, 0x00000000fbb80000, 0x0000000100000000)
  eden space 187904K, 0% used [0x00000000eab00000,0x00000000eab00000,0x00000000f6280000)
  from space 27136K, 99% used [0x00000000f6280000,0x00000000f7cfe9a8,0x00000000f7d00000)
  to   space 36352K, 0% used [0x00000000f9800000,0x00000000f9800000,0x00000000fbb80000)
 ParOldGen       total 129536K, used 56664K [0x00000000c0000000, 0x00000000c7e80000, 0x00000000eab00000)
  object space 129536K, 43% used [0x00000000c0000000,0x00000000c3756070,0x00000000c7e80000)
 Metaspace       used 54631K, capacity 58479K, committed 58584K, reserved 1099776K
  class space    used 7796K, capacity 9151K, committed 9216K, reserved 1048576K
}
Event: 102,272 GC heap before
{Heap before GC invocations=15 (full 3):
 PSYoungGen      total 215040K, used 215034K [0x00000000eab00000, 0x00000000fbb80000, 0x0000000100000000)
  eden space 187904K, 100% used [0x00000000eab00000,0x00000000f6280000,0x00000000f6280000)
  from space 27136K, 99% used [0x00000000f6280000,0x00000000f7cfe9a8,0x00000000f7d00000)
  to   space 36352K, 0% used [0x00000000f9800000,0x00000000f9800000,0x00000000fbb80000)
 ParOldGen       total 129536K, used 56664K [0x00000000c0000000, 0x00000000c7e80000, 0x00000000eab00000)
  object space 129536K, 43% used [0x00000000c0000000,0x00000000c3756070,0x00000000c7e80000)
 Metaspace       used 59782K, capacity 64509K, committed 64728K, reserved 1103872K
  class space    used 8519K, capacity 10221K, committed 10240K, reserved 1048576K
Event: 102,341 GC heap after
Heap after GC invocations=15 (full 3):
 PSYoungGen      total 233984K, used 36349K [0x00000000eab00000, 0x00000000fd800000, 0x0000000100000000)
  eden space 197632K, 0% used [0x00000000eab00000,0x00000000eab00000,0x00000000f6c00000)
  from space 36352K, 99% used [0x00000000f9800000,0x00000000fbb7f668,0x00000000fbb80000)
  to   space 45056K, 0% used [0x00000000f6c00000,0x00000000f6c00000,0x00000000f9800000)
 ParOldGen       total 129536K, used 65385K [0x00000000c0000000, 0x00000000c7e80000, 0x00000000eab00000)
  object space 129536K, 50% used [0x00000000c0000000,0x00000000c3fda700,0x00000000c7e80000)
 Metaspace       used 59782K, capacity 64509K, committed 64728K, reserved 1103872K
  class space    used 8519K, capacity 10221K, committed 10240K, reserved 1048576K
}
Event: 176,292 GC heap before
{Heap before GC invocations=16 (full 3):
 PSYoungGen      total 233984K, used 233981K [0x00000000eab00000, 0x00000000fd800000, 0x0000000100000000)
  eden space 197632K, 100% used [0x00000000eab00000,0x00000000f6c00000,0x00000000f6c00000)
  from space 36352K, 99% used [0x00000000f9800000,0x00000000fbb7f668,0x00000000fbb80000)
  to   space 45056K, 0% used [0x00000000f6c00000,0x00000000f6c00000,0x00000000f9800000)
 ParOldGen       total 129536K, used 65385K [0x00000000c0000000, 0x00000000c7e80000, 0x00000000eab00000)
  object space 129536K, 50% used [0x00000000c0000000,0x00000000c3fda700,0x00000000c7e80000)
 Metaspace       used 63354K, capacity 68546K, committed 68824K, reserved 1107968K
  class space    used 9112K, capacity 10892K, committed 11008K, reserved 1048576K
Event: 176,341 GC heap after
Heap after GC invocations=16 (full 3):
 PSYoungGen      total 242688K, used 45038K [0x00000000eab00000, 0x00000000ff100000, 0x0000000100000000)
  eden space 197632K, 0% used [0x00000000eab00000,0x00000000eab00000,0x00000000f6c00000)
  from space 45056K, 99% used [0x00000000f6c00000,0x00000000f97fb9e8,0x00000000f9800000)
  to   space 55296K, 0% used [0x00000000fbb00000,0x00000000fbb00000,0x00000000ff100000)
 ParOldGen       total 129536K, used 73836K [0x00000000c0000000, 0x00000000c7e80000, 0x00000000eab00000)
  object space 129536K, 57% used [0x00000000c0000000,0x00000000c481b0b8,0x00000000c7e80000)
 Metaspace       used 63354K, capacity 68546K, committed 68824K, reserved 1107968K
  class space    used 9112K, capacity 10892K, committed 11008K, reserved 1048576K
}
Event: 176,757 GC heap before
{Heap before GC invocations=17 (full 3):
 PSYoungGen      total 242688K, used 67167K [0x00000000eab00000, 0x00000000ff100000, 0x0000000100000000)
  eden space 197632K, 11% used [0x00000000eab00000,0x00000000ec09c3c0,0x00000000f6c00000)
  from space 45056K, 99% used [0x00000000f6c00000,0x00000000f97fb9e8,0x00000000f9800000)
  to   space 55296K, 0% used [0x00000000fbb00000,0x00000000fbb00000,0x00000000ff100000)
 ParOldGen       total 129536K, used 73836K [0x00000000c0000000, 0x00000000c7e80000, 0x00000000eab00000)
  object space 129536K, 57% used [0x00000000c0000000,0x00000000c481b0b8,0x00000000c7e80000)
 Metaspace       used 65228K, capacity 70496K, committed 70548K, reserved 1107968K
  class space    used 9326K, capacity 11158K, committed 11196K, reserved 1048576K
Event: 176,802 GC heap after
Heap after GC invocations=17 (full 3):
 PSYoungGen      total 272384K, used 48655K [0x00000000eab00000, 0x0000000100000000, 0x0000000100000000)
  eden space 217088K, 0% used [0x00000000eab00000,0x00000000eab00000,0x00000000f7f00000)
  from space 55296K, 87% used [0x00000000fbb00000,0x00000000fea83cb8,0x00000000ff100000)
  to   space 61440K, 0% used [0x00000000f7f00000,0x00000000f7f00000,0x00000000fbb00000)
 ParOldGen       total 129536K, used 73844K [0x00000000c0000000, 0x00000000c7e80000, 0x00000000eab00000)
  object space 129536K, 57% used [0x00000000c0000000,0x00000000c481d0b8,0x00000000c7e80000)
 Metaspace       used 65228K, capacity 70496K, committed 70548K, reserved 1107968K
  class space    used 9326K, capacity 11158K, committed 11196K, reserved 1048576K
}
Event: 176,802 GC heap before
{Heap before GC invocations=18 (full 4):
 PSYoungGen      total 272384K, used 48655K [0x00000000eab00000, 0x0000000100000000, 0x0000000100000000)
  eden space 217088K, 0% used [0x00000000eab00000,0x00000000eab00000,0x00000000f7f00000)
  from space 55296K, 87% used [0x00000000fbb00000,0x00000000fea83cb8,0x00000000ff100000)
  to   space 61440K, 0% used [0x00000000f7f00000,0x00000000f7f00000,0x00000000fbb00000)
 ParOldGen       total 129536K, used 73844K [0x00000000c0000000, 0x00000000c7e80000, 0x00000000eab00000)
  object space 129536K, 57% used [0x00000000c0000000,0x00000000c481d0b8,0x00000000c7e80000)
 Metaspace       used 65228K, capacity 70496K, committed 70548K, reserved 1107968K
  class space    used 9326K, capacity 11158K, committed 11196K, reserved 1048576K

